<?xml version="1.0" encoding="UTF-8"?>
<!-- Generated by org.testng.reporters.JUnitXMLReporter -->
<testsuite hostname="My_PC" ignored="2" name="TestQuickFuseApps" tests="2" failures="0" timestamp="20 Feb 2019 18:49:29 GMT" time="32.165" errors="0">
  <testcase name="selectCreateApp" time="9.431" classname="tests.SetupTest"/>
  <testcase name="addNewPage" time="22.697" classname="tests.AppCreation"/>
  <testcase name="@BeforeSuite launchBrowser" time="0.0" classname="support.BaseTest">
    <ignored/>
  </testcase> <!-- @BeforeSuite launchBrowser -->
  <testcase name="@AfterSuite closeBrowser" time="0.0" classname="support.BaseTest">
    <ignored/>
  </testcase> <!-- @AfterSuite closeBrowser -->
</testsuite> <!-- TestQuickFuseApps -->
