<?xml version="1.0" encoding="UTF-8"?>
<testng-results skipped="0" failed="0" ignored="2" total="4" passed="2">
  <reporter-output>
  </reporter-output>
  <suite name="PlivoSuite" duration-ms="32165" started-at="2019-02-20T18:48:57Z" finished-at="2019-02-20T18:49:29Z">
    <groups>
    </groups>
    <test name="TestQuickFuseApps" duration-ms="32165" started-at="2019-02-20T18:48:57Z" finished-at="2019-02-20T18:49:29Z">
      <class name="tests.SetupTest">
        <test-method status="PASS" signature="launchBrowser(java.lang.String)[pri:0, instance:tests.SetupTest@36b4cef0]" name="launchBrowser" is-config="true" duration-ms="9292" started-at="2019-02-20T18:48:48Z" finished-at="2019-02-20T18:48:57Z">
          <params>
            <param index="0">
              <value>
                <![CDATA[chrome]]>
              </value>
            </param>
          </params>
          <reporter-output>
          </reporter-output>
        </test-method> <!-- launchBrowser -->
        <test-method status="PASS" signature="selectCreateApp()[pri:0, instance:tests.SetupTest@36b4cef0]" name="selectCreateApp" duration-ms="9431" started-at="2019-02-20T18:48:57Z" finished-at="2019-02-20T18:49:07Z">
          <reporter-output>
          </reporter-output>
        </test-method> <!-- selectCreateApp -->
        <test-method status="PASS" signature="closeBrowser()[pri:0, instance:tests.SetupTest@36b4cef0]" name="closeBrowser" is-config="true" duration-ms="1328" started-at="2019-02-20T18:49:29Z" finished-at="2019-02-20T18:49:31Z">
          <reporter-output>
          </reporter-output>
        </test-method> <!-- closeBrowser -->
      </class> <!-- tests.SetupTest -->
      <class name="tests.AppCreation">
        <test-method status="PASS" signature="addNewPage()[pri:0, instance:tests.AppCreation@fad74ee]" name="addNewPage" duration-ms="22697" started-at="2019-02-20T18:49:07Z" finished-at="2019-02-20T18:49:29Z">
          <reporter-output>
          </reporter-output>
        </test-method> <!-- addNewPage -->
      </class> <!-- tests.AppCreation -->
    </test> <!-- TestQuickFuseApps -->
  </suite> <!-- PlivoSuite -->
</testng-results>
